<?xml version="1.0" encoding="UTF-8"?>
<!-- Generated by org.testng.reporters.JUnitXMLReporter -->
<testsuite hostname="DESKTOP-SHFS40Q" ignored="0" name="Test" tests="3" failures="0" timestamp="2021-08-18T14:11:04 IST" time="15.931" errors="0">
  <testcase name="orderBeforeRearranging" time="9.045" classname="com.Rest.Spotify_PlaylistsAPI.RequestPUTReorderUserPlaylistItems"/>
  <testcase name="rearranagePlaylistTracks" time="0.534" classname="com.Rest.Spotify_PlaylistsAPI.RequestPUTReorderUserPlaylistItems"/>
  <testcase name="orderAfterRearranging" time="5.055" classname="com.Rest.Spotify_PlaylistsAPI.RequestPUTReorderUserPlaylistItems"/>
</testsuite> <!-- Test -->
